Start testing: Jul 12 20:23 CDT
----------------------------------------------------------
1/39 Testing: planner emits no actions for header-only dependency
1/39 Test: planner emits no actions for header-only dependency
Command: "/home/deck/.t3/worktrees/scb/t3code-59472579/build/Modules/Core/scb_core_tests" "planner emits no actions for header-only dependency"
Directory: /home/deck/.t3/worktrees/scb/t3code-59472579/Modules/Core
"planner emits no actions for header-only dependency" start time: Jul 12 20:23 CDT
Output:
----------------------------------------------------------
Filters: "planner emits no actions for header-only dependency"
Randomness seeded to: 2935124270
===============================================================================
All tests passed (4 assertions in 1 test case)

<end of output>
Test time =   0.00 sec
----------------------------------------------------------
Test Passed.
"planner emits no actions for header-only dependency" end time: Jul 12 20:23 CDT
"planner emits no actions for header-only dependency" time elapsed: 00:00:00
----------------------------------------------------------

2/39 Testing: toolchain detection rejects missing compiler override
2/39 Test: toolchain detection rejects missing compiler override
Command: "/home/deck/.t3/worktrees/scb/t3code-59472579/build/Modules/Core/scb_core_tests" "toolchain detection rejects missing compiler override"
Directory: /home/deck/.t3/worktrees/scb/t3code-59472579/Modules/Core
"toolchain detection rejects missing compiler override" start time: Jul 12 20:23 CDT
Output:
----------------------------------------------------------
Filters: "toolchain detection rejects missing compiler override"
Randomness seeded to: 238688618
===============================================================================
All tests passed (1 assertion in 1 test case)

<end of output>
Test time =   0.00 sec
----------------------------------------------------------
Test Passed.
"toolchain detection rejects missing compiler override" end time: Jul 12 20:23 CDT
"toolchain detection rejects missing compiler override" time elapsed: 00:00:00
----------------------------------------------------------

3/39 Testing: executor drains large stdout and stderr without deadlock
3/39 Test: executor drains large stdout and stderr without deadlock
Command: "/home/deck/.t3/worktrees/scb/t3code-59472579/build/Modules/Core/scb_core_tests" "executor drains large stdout and stderr without deadlock"
Directory: /home/deck/.t3/worktrees/scb/t3code-59472579/Modules/Core
"executor drains large stdout and stderr without deadlock" start time: Jul 12 20:23 CDT
Output:
----------------------------------------------------------
Filters: "executor drains large stdout and stderr without deadlock"
Randomness seeded to: 3244877807
===============================================================================
All tests passed (6 assertions in 1 test case)

<end of output>
Test time =   0.62 sec
----------------------------------------------------------
Test Passed.
"executor drains large stdout and stderr without deadlock" end time: Jul 12 20:23 CDT
"executor drains large stdout and stderr without deadlock" time elapsed: 00:00:00
----------------------------------------------------------

4/39 Testing: resolver does not drop non-main sources when include directory is present
4/39 Test: resolver does not drop non-main sources when include directory is present
Command: "/home/deck/.t3/worktrees/scb/t3code-59472579/build/Modules/Core/scb_core_tests" "resolver does not drop non-main sources when include directory is present"
Directory: /home/deck/.t3/worktrees/scb/t3code-59472579/Modules/Core
"resolver does not drop non-main sources when include directory is present" start time: Jul 12 20:23 CDT
Output:
----------------------------------------------------------
Filters: "resolver does not drop non-main sources when include directory is present"
Randomness seeded to: 513725994
===============================================================================
All tests passed (9 assertions in 1 test case)

<end of output>
Test time =   0.00 sec
----------------------------------------------------------
Test Passed.
"resolver does not drop non-main sources when include directory is present" end time: Jul 12 20:23 CDT
"resolver does not drop non-main sources when include directory is present" time elapsed: 00:00:00
----------------------------------------------------------

5/39 Testing: resolver rejects invalid manifest inputs
5/39 Test: resolver rejects invalid manifest inputs
Command: "/home/deck/.t3/worktrees/scb/t3code-59472579/build/Modules/Core/scb_core_tests" "resolver rejects invalid manifest inputs"
Directory: /home/deck/.t3/worktrees/scb/t3code-59472579/Modules/Core
"resolver rejects invalid manifest inputs" start time: Jul 12 20:23 CDT
Output:
----------------------------------------------------------
Filters: "resolver rejects invalid manifest inputs"
Randomness seeded to: 1577515373
===============================================================================
All tests passed (3 assertions in 1 test case)

<end of output>
Test time =   0.00 sec
----------------------------------------------------------
Test Passed.
"resolver rejects invalid manifest inputs" end time: Jul 12 20:23 CDT
"resolver rejects invalid manifest inputs" time elapsed: 00:00:00
----------------------------------------------------------

6/39 Testing: signature changes rebuild executable without source edits
6/39 Test: signature changes rebuild executable without source edits
Command: "/home/deck/.t3/worktrees/scb/t3code-59472579/build/Modules/Core/scb_core_tests" "signature changes rebuild executable without source edits"
Directory: /home/deck/.t3/worktrees/scb/t3code-59472579/Modules/Core
"signature changes rebuild executable without source edits" start time: Jul 12 20:23 CDT
Output:
----------------------------------------------------------
Filters: "signature changes rebuild executable without source edits"
Randomness seeded to: 3146516164
===============================================================================
All tests passed (11 assertions in 1 test case)

<end of output>
Test time =   0.11 sec
----------------------------------------------------------
Test Passed.
"signature changes rebuild executable without source edits" end time: Jul 12 20:23 CDT
"signature changes rebuild executable without source edits" time elapsed: 00:00:00
----------------------------------------------------------

7/39 Testing: resolver applies build option precedence
7/39 Test: resolver applies build option precedence
Command: "/home/deck/.t3/worktrees/scb/t3code-59472579/build/Modules/Core/scb_core_tests" "resolver applies build option precedence"
Directory: /home/deck/.t3/worktrees/scb/t3code-59472579/Modules/Core
"resolver applies build option precedence" start time: Jul 12 20:23 CDT
Output:
----------------------------------------------------------
Filters: "resolver applies build option precedence"
Randomness seeded to: 3951039763
===============================================================================
All tests passed (10 assertions in 1 test case)

<end of output>
Test time =   0.00 sec
----------------------------------------------------------
Test Passed.
"resolver applies build option precedence" end time: Jul 12 20:23 CDT
"resolver applies build option precedence" time elapsed: 00:00:00
----------------------------------------------------------

8/39 Testing: planner builds compile and link actions for executable
8/39 Test: planner builds compile and link actions for executable
Command: "/home/deck/.t3/worktrees/scb/t3code-59472579/build/Modules/Core/scb_core_tests" "planner builds compile and link actions for executable"
Directory: /home/deck/.t3/worktrees/scb/t3code-59472579/Modules/Core
"planner builds compile and link actions for executable" start time: Jul 12 20:23 CDT
Output:
----------------------------------------------------------
Filters: "planner builds compile and link actions for executable"
Randomness seeded to: 3217587248
===============================================================================
All tests passed (8 assertions in 1 test case)

<end of output>
Test time =   0.00 sec
----------------------------------------------------------
Test Passed.
"planner builds compile and link actions for executable" end time: Jul 12 20:23 CDT
"planner builds compile and link actions for executable" time elapsed: 00:00:00
----------------------------------------------------------

9/39 Testing: manifest parser reports schema errors
9/39 Test: manifest parser reports schema errors
Command: "/home/deck/.t3/worktrees/scb/t3code-59472579/build/Modules/Core/scb_core_tests" "manifest parser reports schema errors"
Directory: /home/deck/.t3/worktrees/scb/t3code-59472579/Modules/Core
"manifest parser reports schema errors" start time: Jul 12 20:23 CDT
Output:
----------------------------------------------------------
Filters: "manifest parser reports schema errors"
Randomness seeded to: 3273768192
===============================================================================
All tests passed (3 assertions in 1 test case)

<end of output>
Test time =   0.00 sec
----------------------------------------------------------
Test Passed.
"manifest parser reports schema errors" end time: Jul 12 20:23 CDT
"manifest parser reports schema errors" time elapsed: 00:00:00
----------------------------------------------------------

10/39 Testing: missing action state triggers conservative rebuild
10/39 Test: missing action state triggers conservative rebuild
Command: "/home/deck/.t3/worktrees/scb/t3code-59472579/build/Modules/Core/scb_core_tests" "missing action state triggers conservative rebuild"
Directory: /home/deck/.t3/worktrees/scb/t3code-59472579/Modules/Core
"missing action state triggers conservative rebuild" start time: Jul 12 20:23 CDT
Output:
----------------------------------------------------------
Filters: "missing action state triggers conservative rebuild"
Randomness seeded to: 211636983
===============================================================================
All tests passed (10 assertions in 1 test case)

<end of output>
Test time =   0.11 sec
----------------------------------------------------------
Test Passed.
"missing action state triggers conservative rebuild" end time: Jul 12 20:23 CDT
"missing action state triggers conservative rebuild" time elapsed: 00:00:00
----------------------------------------------------------

11/39 Testing: header changes rebuild affected executable
11/39 Test: header changes rebuild affected executable
Command: "/home/deck/.t3/worktrees/scb/t3code-59472579/build/Modules/Core/scb_core_tests" "header changes rebuild affected executable"
Directory: /home/deck/.t3/worktrees/scb/t3code-59472579/Modules/Core
"header changes rebuild affected executable" start time: Jul 12 20:23 CDT
Output:
----------------------------------------------------------
Filters: "header changes rebuild affected executable"
Randomness seeded to: 4233153695
===============================================================================
All tests passed (9 assertions in 1 test case)

<end of output>
Test time =   0.12 sec
----------------------------------------------------------
Test Passed.
"header changes rebuild affected executable" end time: Jul 12 20:23 CDT
"header changes rebuild affected executable" time elapsed: 00:00:00
----------------------------------------------------------

12/39 Testing: planner rejects shared libraries for now
12/39 Test: planner rejects shared libraries for now
Command: "/home/deck/.t3/worktrees/scb/t3code-59472579/build/Modules/Core/scb_core_tests" "planner rejects shared libraries for now"
Directory: /home/deck/.t3/worktrees/scb/t3code-59472579/Modules/Core
"planner rejects shared libraries for now" start time: Jul 12 20:23 CDT
Output:
----------------------------------------------------------
Filters: "planner rejects shared libraries for now"
Randomness seeded to: 2375884865
===============================================================================
All tests passed (3 assertions in 1 test case)

<end of output>
Test time =   0.00 sec
----------------------------------------------------------
Test Passed.
"planner rejects shared libraries for now" end time: Jul 12 20:23 CDT
"planner rejects shared libraries for now" time elapsed: 00:00:00
----------------------------------------------------------

13/39 Testing: corrupt action state triggers conservative rebuild
13/39 Test: corrupt action state triggers conservative rebuild
Command: "/home/deck/.t3/worktrees/scb/t3code-59472579/build/Modules/Core/scb_core_tests" "corrupt action state triggers conservative rebuild"
Directory: /home/deck/.t3/worktrees/scb/t3code-59472579/Modules/Core
"corrupt action state triggers conservative rebuild" start time: Jul 12 20:23 CDT
Output:
----------------------------------------------------------
Filters: "corrupt action state triggers conservative rebuild"
Randomness seeded to: 3131933404
===============================================================================
All tests passed (10 assertions in 1 test case)

<end of output>
Test time =   0.11 sec
----------------------------------------------------------
Test Passed.
"corrupt action state triggers conservative rebuild" end time: Jul 12 20:23 CDT
"corrupt action state triggers conservative rebuild" time elapsed: 00:00:00
----------------------------------------------------------

14/39 Testing: executor builds and skips zero-config executable
14/39 Test: executor builds and skips zero-config executable
Command: "/home/deck/.t3/worktrees/scb/t3code-59472579/build/Modules/Core/scb_core_tests" "executor builds and skips zero-config executable"
Directory: /home/deck/.t3/worktrees/scb/t3code-59472579/Modules/Core
"executor builds and skips zero-config executable" start time: Jul 12 20:23 CDT
Output:
----------------------------------------------------------
Filters: "executor builds and skips zero-config executable"
Randomness seeded to: 1686699944
===============================================================================
All tests passed (10 assertions in 1 test case)

<end of output>
Test time =   0.06 sec
----------------------------------------------------------
Test Passed.
"executor builds and skips zero-config executable" end time: Jul 12 20:23 CDT
"executor builds and skips zero-config executable" time elapsed: 00:00:00
----------------------------------------------------------

15/39 Testing: executor stops after first failing action
15/39 Test: executor stops after first failing action
Command: "/home/deck/.t3/worktrees/scb/t3code-59472579/build/Modules/Core/scb_core_tests" "executor stops after first failing action"
Directory: /home/deck/.t3/worktrees/scb/t3code-59472579/Modules/Core
"executor stops after first failing action" start time: Jul 12 20:23 CDT
Output:
----------------------------------------------------------
Filters: "executor stops after first failing action"
Randomness seeded to: 3054444957
===============================================================================
All tests passed (4 assertions in 1 test case)

<end of output>
Test time =   0.00 sec
----------------------------------------------------------
Test Passed.
"executor stops after first failing action" end time: Jul 12 20:23 CDT
"executor stops after first failing action" time elapsed: 00:00:00
----------------------------------------------------------

16/39 Testing: executor validates dependency ordering
16/39 Test: executor validates dependency ordering
Command: "/home/deck/.t3/worktrees/scb/t3code-59472579/build/Modules/Core/scb_core_tests" "executor validates dependency ordering"
Directory: /home/deck/.t3/worktrees/scb/t3code-59472579/Modules/Core
"executor validates dependency ordering" start time: Jul 12 20:23 CDT
Output:
----------------------------------------------------------
Filters: "executor validates dependency ordering"
Randomness seeded to: 3996441941
===============================================================================
All tests passed (2 assertions in 1 test case)

<end of output>
Test time =   0.00 sec
----------------------------------------------------------
Test Passed.
"executor validates dependency ordering" end time: Jul 12 20:23 CDT
"executor validates dependency ordering" time elapsed: 00:00:00
----------------------------------------------------------

17/39 Testing: planner builds archive and link actions for library dependency
17/39 Test: planner builds archive and link actions for library dependency
Command: "/home/deck/.t3/worktrees/scb/t3code-59472579/build/Modules/Core/scb_core_tests" "planner builds archive and link actions for library dependency"
Directory: /home/deck/.t3/worktrees/scb/t3code-59472579/Modules/Core
"planner builds archive and link actions for library dependency" start time: Jul 12 20:23 CDT
Output:
----------------------------------------------------------
Filters: "planner builds archive and link actions for library dependency"
Randomness seeded to: 3025826522
===============================================================================
All tests passed (6 assertions in 1 test case)

<end of output>
Test time =   0.00 sec
----------------------------------------------------------
Test Passed.
"planner builds archive and link actions for library dependency" end time: Jul 12 20:23 CDT
"planner builds archive and link actions for library dependency" time elapsed: 00:00:00
----------------------------------------------------------

18/39 Testing: resolver infers a zero-config executable
18/39 Test: resolver infers a zero-config executable
Command: "/home/deck/.t3/worktrees/scb/t3code-59472579/build/Modules/Core/scb_core_tests" "resolver infers a zero-config executable"
Directory: /home/deck/.t3/worktrees/scb/t3code-59472579/Modules/Core
"resolver infers a zero-config executable" start time: Jul 12 20:23 CDT
Output:
----------------------------------------------------------
Filters: "resolver infers a zero-config executable"
Randomness seeded to: 3740989597
===============================================================================
All tests passed (7 assertions in 1 test case)

<end of output>
Test time =   0.00 sec
----------------------------------------------------------
Test Passed.
"resolver infers a zero-config executable" end time: Jul 12 20:23 CDT
"resolver infers a zero-config executable" time elapsed: 00:00:00
----------------------------------------------------------

19/39 Testing: library source change rebuilds archive and dependent link
19/39 Test: library source change rebuilds archive and dependent link
Command: "/home/deck/.t3/worktrees/scb/t3code-59472579/build/Modules/Core/scb_core_tests" "library source change rebuilds archive and dependent link"
Directory: /home/deck/.t3/worktrees/scb/t3code-59472579/Modules/Core
"library source change rebuilds archive and dependent link" start time: Jul 12 20:23 CDT
Output:
----------------------------------------------------------
Filters: "library source change rebuilds archive and dependent link"
Randomness seeded to: 1435151648
===============================================================================
All tests passed (10 assertions in 1 test case)

<end of output>
Test time =   0.18 sec
----------------------------------------------------------
Test Passed.
"library source change rebuilds archive and dependent link" end time: Jul 12 20:23 CDT
"library source change rebuilds archive and dependent link" time elapsed: 00:00:00
----------------------------------------------------------

20/39 Testing: manifest parser loads canonical schema
20/39 Test: manifest parser loads canonical schema
Command: "/home/deck/.t3/worktrees/scb/t3code-59472579/build/Modules/Core/scb_core_tests" "manifest parser loads canonical schema"
Directory: /home/deck/.t3/worktrees/scb/t3code-59472579/Modules/Core
"manifest parser loads canonical schema" start time: Jul 12 20:23 CDT
Output:
----------------------------------------------------------
Filters: "manifest parser loads canonical schema"
Randomness seeded to: 2761976346
===============================================================================
All tests passed (11 assertions in 1 test case)

<end of output>
Test time =   0.01 sec
----------------------------------------------------------
Test Passed.
"manifest parser loads canonical schema" end time: Jul 12 20:23 CDT
"manifest parser loads canonical schema" time elapsed: 00:00:00
----------------------------------------------------------

21/39 Testing: dry run evaluates without writing artifacts
21/39 Test: dry run evaluates without writing artifacts
Command: "/home/deck/.t3/worktrees/scb/t3code-59472579/build/Modules/Core/scb_core_tests" "dry run evaluates without writing artifacts"
Directory: /home/deck/.t3/worktrees/scb/t3code-59472579/Modules/Core
"dry run evaluates without writing artifacts" start time: Jul 12 20:23 CDT
Output:
----------------------------------------------------------
Filters: "dry run evaluates without writing artifacts"
Randomness seeded to: 107352814
===============================================================================
All tests passed (6 assertions in 1 test case)

<end of output>
Test time =   0.00 sec
----------------------------------------------------------
Test Passed.
"dry run evaluates without writing artifacts" end time: Jul 12 20:23 CDT
"dry run evaluates without writing artifacts" time elapsed: 00:00:00
----------------------------------------------------------

22/39 Testing: resolver rejects projects with no inferred or explicit targets
22/39 Test: resolver rejects projects with no inferred or explicit targets
Command: "/home/deck/.t3/worktrees/scb/t3code-59472579/build/Modules/Core/scb_core_tests" "resolver rejects projects with no inferred or explicit targets"
Directory: /home/deck/.t3/worktrees/scb/t3code-59472579/Modules/Core
"resolver rejects projects with no inferred or explicit targets" start time: Jul 12 20:23 CDT
Output:
----------------------------------------------------------
Filters: "resolver rejects projects with no inferred or explicit targets"
Randomness seeded to: 603790433
===============================================================================
All tests passed (2 assertions in 1 test case)

<end of output>
Test time =   0.00 sec
----------------------------------------------------------
Test Passed.
"resolver rejects projects with no inferred or explicit targets" end time: Jul 12 20:23 CDT
"resolver rejects projects with no inferred or explicit targets" time elapsed: 00:00:00
----------------------------------------------------------

23/39 Testing: resolver expands globs and sorts results deterministically
23/39 Test: resolver expands globs and sorts results deterministically
Command: "/home/deck/.t3/worktrees/scb/t3code-59472579/build/Modules/Core/scb_core_tests" "resolver expands globs and sorts results deterministically"
Directory: /home/deck/.t3/worktrees/scb/t3code-59472579/Modules/Core
"resolver expands globs and sorts results deterministically" start time: Jul 12 20:23 CDT
Output:
----------------------------------------------------------
Filters: "resolver expands globs and sorts results deterministically"
Randomness seeded to: 2830768387
===============================================================================
All tests passed (4 assertions in 1 test case)

<end of output>
Test time =   0.00 sec
----------------------------------------------------------
Test Passed.
"resolver expands globs and sorts results deterministically" end time: Jul 12 20:23 CDT
"resolver expands globs and sorts results deterministically" time elapsed: 00:00:00
----------------------------------------------------------

24/39 Testing: resolver infers executable plus header-only dependency for zero-config app with include directory
24/39 Test: resolver infers executable plus header-only dependency for zero-config app with include directory
Command: "/home/deck/.t3/worktrees/scb/t3code-59472579/build/Modules/Core/scb_core_tests" "resolver infers executable plus header-only dependency for zero-config app with include directory"
Directory: /home/deck/.t3/worktrees/scb/t3code-59472579/Modules/Core
"resolver infers executable plus header-only dependency for zero-config app with include directory" start time: Jul 12 20:23 CDT
Output:
----------------------------------------------------------
Filters: "resolver infers executable plus header-only dependency for zero-config app with include directory"
Randomness seeded to: 3939886491
===============================================================================
All tests passed (9 assertions in 1 test case)

<end of output>
Test time =   0.00 sec
----------------------------------------------------------
Test Passed.
"resolver infers executable plus header-only dependency for zero-config app with include directory" end time: Jul 12 20:23 CDT
"resolver infers executable plus header-only dependency for zero-config app with include directory" time elapsed: 00:00:00
----------------------------------------------------------

25/39 Testing: toolchain detection finds a host compiler
25/39 Test: toolchain detection finds a host compiler
Command: "/home/deck/.t3/worktrees/scb/t3code-59472579/build/Modules/Core/scb_core_tests" "toolchain detection finds a host compiler"
Directory: /home/deck/.t3/worktrees/scb/t3code-59472579/Modules/Core
"toolchain detection finds a host compiler" start time: Jul 12 20:23 CDT
Output:
----------------------------------------------------------
Filters: "toolchain detection finds a host compiler"
Randomness seeded to: 130156912
===============================================================================
All tests passed (3 assertions in 1 test case)

<end of output>
Test time =   0.00 sec
----------------------------------------------------------
Test Passed.
"toolchain detection finds a host compiler" end time: Jul 12 20:23 CDT
"toolchain detection finds a host compiler" time elapsed: 00:00:00
----------------------------------------------------------

26/39 Testing: resolver rejects dependency cycles
26/39 Test: resolver rejects dependency cycles
Command: "/home/deck/.t3/worktrees/scb/t3code-59472579/build/Modules/Core/scb_core_tests" "resolver rejects dependency cycles"
Directory: /home/deck/.t3/worktrees/scb/t3code-59472579/Modules/Core
"resolver rejects dependency cycles" start time: Jul 12 20:23 CDT
Output:
----------------------------------------------------------
Filters: "resolver rejects dependency cycles"
Randomness seeded to: 3184388329
===============================================================================
All tests passed (1 assertion in 1 test case)

<end of output>
Test time =   0.00 sec
----------------------------------------------------------
Test Passed.
"resolver rejects dependency cycles" end time: Jul 12 20:23 CDT
"resolver rejects dependency cycles" time elapsed: 00:00:00
----------------------------------------------------------

27/39 Testing: parsed manifest resolves end to end
27/39 Test: parsed manifest resolves end to end
Command: "/home/deck/.t3/worktrees/scb/t3code-59472579/build/Modules/Core/scb_core_tests" "parsed manifest resolves end to end"
Directory: /home/deck/.t3/worktrees/scb/t3code-59472579/Modules/Core
"parsed manifest resolves end to end" start time: Jul 12 20:23 CDT
Output:
----------------------------------------------------------
Filters: "parsed manifest resolves end to end"
Randomness seeded to: 121353418
===============================================================================
All tests passed (4 assertions in 1 test case)

<end of output>
Test time =   0.00 sec
----------------------------------------------------------
Test Passed.
"parsed manifest resolves end to end" end time: Jul 12 20:23 CDT
"parsed manifest resolves end to end" time elapsed: 00:00:00
----------------------------------------------------------

28/39 Testing: resolver infers library plus executable for zero-config project
28/39 Test: resolver infers library plus executable for zero-config project
Command: "/home/deck/.t3/worktrees/scb/t3code-59472579/build/Modules/Core/scb_core_tests" "resolver infers library plus executable for zero-config project"
Directory: /home/deck/.t3/worktrees/scb/t3code-59472579/Modules/Core
"resolver infers library plus executable for zero-config project" start time: Jul 12 20:23 CDT
Output:
----------------------------------------------------------
Filters: "resolver infers library plus executable for zero-config project"
Randomness seeded to: 2221736742
===============================================================================
All tests passed (12 assertions in 1 test case)

<end of output>
Test time =   0.00 sec
----------------------------------------------------------
Test Passed.
"resolver infers library plus executable for zero-config project" end time: Jul 12 20:23 CDT
"resolver infers library plus executable for zero-config project" time elapsed: 00:00:00
----------------------------------------------------------

29/39 Testing: resolver infers a header-only library from include directory
29/39 Test: resolver infers a header-only library from include directory
Command: "/home/deck/.t3/worktrees/scb/t3code-59472579/build/Modules/Core/scb_core_tests" "resolver infers a header-only library from include directory"
Directory: /home/deck/.t3/worktrees/scb/t3code-59472579/Modules/Core
"resolver infers a header-only library from include directory" start time: Jul 12 20:23 CDT
Output:
----------------------------------------------------------
Filters: "resolver infers a header-only library from include directory"
Randomness seeded to: 3207104629
===============================================================================
All tests passed (6 assertions in 1 test case)

<end of output>
Test time =   0.00 sec
----------------------------------------------------------
Test Passed.
"resolver infers a header-only library from include directory" end time: Jul 12 20:23 CDT
"resolver infers a header-only library from include directory" time elapsed: 00:00:00
----------------------------------------------------------

30/39 Testing: explicit manifest targets suppress zero-config discovery
30/39 Test: explicit manifest targets suppress zero-config discovery
Command: "/home/deck/.t3/worktrees/scb/t3code-59472579/build/Modules/Core/scb_core_tests" "explicit manifest targets suppress zero-config discovery"
Directory: /home/deck/.t3/worktrees/scb/t3code-59472579/Modules/Core
"explicit manifest targets suppress zero-config discovery" start time: Jul 12 20:23 CDT
Output:
----------------------------------------------------------
Filters: "explicit manifest targets suppress zero-config discovery"
Randomness seeded to: 787126702
===============================================================================
All tests passed (3 assertions in 1 test case)

<end of output>
Test time =   0.00 sec
----------------------------------------------------------
Test Passed.
"explicit manifest targets suppress zero-config discovery" end time: Jul 12 20:23 CDT
"explicit manifest targets suppress zero-config discovery" time elapsed: 00:00:00
----------------------------------------------------------

31/39 Testing: scb_cli_zero_config
31/39 Test: scb_cli_zero_config
Command: "/usr/bin/cmake" "-DSCB_EXECUTABLE=/home/deck/.t3/worktrees/scb/t3code-59472579/build/Apps/scb/scb" "-DSCB_FIXTURE_SOURCE=/home/deck/.t3/worktrees/scb/t3code-59472579/Apps/scb/Tests/fixtures/zero_config_project" "-DSCB_TEMP_DIRECTORY=/home/deck/.t3/worktrees/scb/t3code-59472579/build/Apps/scb/cli-fixtures/zero_config" "-DSCB_EXPECT_REGEX=Finished.debug:.*executed" "-DSCB_EXPECT_ARTIFACT=target/debug/exe/zero_config_project/zero_config_project" "-DSCB_ARG1=build" "-P" "/home/deck/.t3/worktrees/scb/t3code-59472579/Apps/scb/Tests/RunFixture.cmake"
Directory: /home/deck/.t3/worktrees/scb/t3code-59472579/build/Apps/scb
"scb_cli_zero_config" start time: Jul 12 20:23 CDT
Output:
----------------------------------------------------------
Project: zero_config_project
Profile: debug
Manifest: zero-config
Toolchain: gcc (/usr/bin/g++)
Compile src/main.cpp
Link zero_config_project
Finished debug: 2 executed, 0 fresh

<end of output>
Test time =   0.06 sec
----------------------------------------------------------
Test Passed.
"scb_cli_zero_config" end time: Jul 12 20:23 CDT
"scb_cli_zero_config" time elapsed: 00:00:00
----------------------------------------------------------

32/39 Testing: scb_cli_manifest_build
32/39 Test: scb_cli_manifest_build
Command: "/usr/bin/cmake" "-DSCB_EXECUTABLE=/home/deck/.t3/worktrees/scb/t3code-59472579/build/Apps/scb/scb" "-DSCB_FIXTURE_SOURCE=/home/deck/.t3/worktrees/scb/t3code-59472579/Apps/scb/Tests/fixtures/manifest_project" "-DSCB_TEMP_DIRECTORY=/home/deck/.t3/worktrees/scb/t3code-59472579/build/Apps/scb/cli-fixtures/manifest_build" "-DSCB_EXPECT_REGEX=Project:.fixture" "-DSCB_EXPECT_ARTIFACT=target/debug/exe/fixture/fixture" "-DSCB_ARG1=build" "-P" "/home/deck/.t3/worktrees/scb/t3code-59472579/Apps/scb/Tests/RunFixture.cmake"
Directory: /home/deck/.t3/worktrees/scb/t3code-59472579/build/Apps/scb
"scb_cli_manifest_build" start time: Jul 12 20:23 CDT
Output:
----------------------------------------------------------
Project: fixture
Profile: debug
Manifest: /home/deck/.t3/worktrees/scb/t3code-59472579/build/Apps/scb/cli-fixtures/manifest_build/manifest_project/scb.toml
Toolchain: gcc (/usr/bin/g++)
Compile src/main.cpp
Compile src/core.cpp
Archive core
Link fixture
Finished debug: 4 executed, 0 fresh

<end of output>
Test time =   0.10 sec
----------------------------------------------------------
Test Passed.
"scb_cli_manifest_build" end time: Jul 12 20:23 CDT
"scb_cli_manifest_build" time elapsed: 00:00:00
----------------------------------------------------------

33/39 Testing: scb_cli_manifest_release
33/39 Test: scb_cli_manifest_release
Command: "/usr/bin/cmake" "-DSCB_EXECUTABLE=/home/deck/.t3/worktrees/scb/t3code-59472579/build/Apps/scb/scb" "-DSCB_FIXTURE_SOURCE=/home/deck/.t3/worktrees/scb/t3code-59472579/Apps/scb/Tests/fixtures/manifest_project" "-DSCB_TEMP_DIRECTORY=/home/deck/.t3/worktrees/scb/t3code-59472579/build/Apps/scb/cli-fixtures/release" "-DSCB_EXPECT_REGEX=Profile:.release" "-DSCB_EXPECT_ARTIFACT=target/release/exe/fixture/fixture" "-DSCB_ARG1=build" "-DSCB_ARG2=--release" "-P" "/home/deck/.t3/worktrees/scb/t3code-59472579/Apps/scb/Tests/RunFixture.cmake"
Directory: /home/deck/.t3/worktrees/scb/t3code-59472579/build/Apps/scb
"scb_cli_manifest_release" start time: Jul 12 20:23 CDT
Output:
----------------------------------------------------------
Project: fixture
Profile: release
Manifest: /home/deck/.t3/worktrees/scb/t3code-59472579/build/Apps/scb/cli-fixtures/release/manifest_project/scb.toml
Toolchain: gcc (/usr/bin/g++)
Compile src/main.cpp
Compile src/core.cpp
Archive core
Link fixture
Finished release: 4 executed, 0 fresh

<end of output>
Test time =   0.09 sec
----------------------------------------------------------
Test Passed.
"scb_cli_manifest_release" end time: Jul 12 20:23 CDT
"scb_cli_manifest_release" time elapsed: 00:00:00
----------------------------------------------------------

34/39 Testing: scb_cli_manifest_path
34/39 Test: scb_cli_manifest_path
Command: "/usr/bin/cmake" "-DSCB_EXECUTABLE=/home/deck/.t3/worktrees/scb/t3code-59472579/build/Apps/scb/scb" "-DSCB_FIXTURE_SOURCE=/home/deck/.t3/worktrees/scb/t3code-59472579/Apps/scb/Tests/fixtures/nested/project" "-DSCB_TEMP_DIRECTORY=/home/deck/.t3/worktrees/scb/t3code-59472579/build/Apps/scb/cli-fixtures/nested" "-DSCB_EXPECT_REGEX=Project:.nested" "-DSCB_EXPECT_ARTIFACT=target/debug/exe/nested/nested" "-DSCB_ARG1=build" "-DSCB_ARG2=--manifest-path" "-DSCB_ARG3=scb.toml" "-P" "/home/deck/.t3/worktrees/scb/t3code-59472579/Apps/scb/Tests/RunFixture.cmake"
Directory: /home/deck/.t3/worktrees/scb/t3code-59472579/build/Apps/scb
"scb_cli_manifest_path" start time: Jul 12 20:23 CDT
Output:
----------------------------------------------------------
Project: nested
Profile: debug
Manifest: /home/deck/.t3/worktrees/scb/t3code-59472579/build/Apps/scb/cli-fixtures/nested/project/scb.toml
Toolchain: gcc (/usr/bin/g++)
Compile src/main.cpp
Link nested
Finished debug: 2 executed, 0 fresh

<end of output>
Test time =   0.07 sec
----------------------------------------------------------
Test Passed.
"scb_cli_manifest_path" end time: Jul 12 20:23 CDT
"scb_cli_manifest_path" time elapsed: 00:00:00
----------------------------------------------------------

35/39 Testing: scb_cli_dry_run
35/39 Test: scb_cli_dry_run
Command: "/usr/bin/cmake" "-DSCB_EXECUTABLE=/home/deck/.t3/worktrees/scb/t3code-59472579/build/Apps/scb/scb" "-DSCB_FIXTURE_SOURCE=/home/deck/.t3/worktrees/scb/t3code-59472579/Apps/scb/Tests/fixtures/zero_config_project" "-DSCB_TEMP_DIRECTORY=/home/deck/.t3/worktrees/scb/t3code-59472579/build/Apps/scb/cli-fixtures/dry-run" "-DSCB_EXPECT_REGEX=Would.execute" "-DSCB_EXPECT_NO_ARTIFACT=target/debug/exe/zero_config_project/zero_config_project" "-DSCB_ARG1=build" "-DSCB_ARG2=--dry-run" "-P" "/home/deck/.t3/worktrees/scb/t3code-59472579/Apps/scb/Tests/RunFixture.cmake"
Directory: /home/deck/.t3/worktrees/scb/t3code-59472579/build/Apps/scb
"scb_cli_dry_run" start time: Jul 12 20:23 CDT
Output:
----------------------------------------------------------
Project: zero_config_project
Profile: debug
Manifest: zero-config
Toolchain: gcc (/usr/bin/g++)
Would execute Compile src/main.cpp
Would execute Link zero_config_project
Finished debug: 2 would execute, 0 would skip

<end of output>
Test time =   0.01 sec
----------------------------------------------------------
Test Passed.
"scb_cli_dry_run" end time: Jul 12 20:23 CDT
"scb_cli_dry_run" time elapsed: 00:00:00
----------------------------------------------------------

36/39 Testing: scb_cli_verbose
36/39 Test: scb_cli_verbose
Command: "/usr/bin/cmake" "-DSCB_EXECUTABLE=/home/deck/.t3/worktrees/scb/t3code-59472579/build/Apps/scb/scb" "-DSCB_FIXTURE_SOURCE=/home/deck/.t3/worktrees/scb/t3code-59472579/Apps/scb/Tests/fixtures/zero_config_project" "-DSCB_TEMP_DIRECTORY=/home/deck/.t3/worktrees/scb/t3code-59472579/build/Apps/scb/cli-fixtures/verbose" "-DSCB_EXPECT_REGEX=cmd:" "-DSCB_EXPECT_ARTIFACT=target/debug/exe/zero_config_project/zero_config_project" "-DSCB_ARG1=build" "-DSCB_ARG2=--verbose" "-P" "/home/deck/.t3/worktrees/scb/t3code-59472579/Apps/scb/Tests/RunFixture.cmake"
Directory: /home/deck/.t3/worktrees/scb/t3code-59472579/build/Apps/scb
"scb_cli_verbose" start time: Jul 12 20:23 CDT
Output:
----------------------------------------------------------
Project: zero_config_project
Profile: debug
Manifest: zero-config
Toolchain: gcc (/usr/bin/g++)
Compile src/main.cpp
  reason: output missing: target/debug/exe/zero_config_project/obj/src/main.cpp.o
  cmd: /usr/bin/g++ -c -std=c++20 -O0 -g -MMD -MF /home/deck/.t3/worktrees/scb/t3code-59472579/build/Apps/scb/cli-fixtures/verbose/zero_config_project/target/debug/exe/zero_config_project/obj/src/main.cpp.o.d -MT /home/deck/.t3/worktrees/scb/t3code-59472579/build/Apps/scb/cli-fixtures/verbose/zero_config_project/target/debug/exe/zero_config_project/obj/src/main.cpp.o /home/deck/.t3/worktrees/scb/t3code-59472579/build/Apps/scb/cli-fixtures/verbose/zero_config_project/src/main.cpp -o /home/deck/.t3/worktrees/scb/t3code-59472579/build/Apps/scb/cli-fixtures/verbose/zero_config_project/target/debug/exe/zero_config_project/obj/src/main.cpp.o
Link zero_config_project
  reason: output missing: target/debug/exe/zero_config_project/zero_config_project
  cmd: /usr/bin/g++ -std=c++20 -O0 -g /home/deck/.t3/worktrees/scb/t3code-59472579/build/Apps/scb/cli-fixtures/verbose/zero_config_project/target/debug/exe/zero_config_project/obj/src/main.cpp.o -o /home/deck/.t3/worktrees/scb/t3code-59472579/build/Apps/scb/cli-fixtures/verbose/zero_config_project/target/debug/exe/zero_config_project/zero_config_project
Finished debug: 2 executed, 0 fresh

<end of output>
Test time =   0.07 sec
----------------------------------------------------------
Test Passed.
"scb_cli_verbose" end time: Jul 12 20:23 CDT
"scb_cli_verbose" time elapsed: 00:00:00
----------------------------------------------------------

37/39 Testing: scb_cli_invalid_compiler
37/39 Test: scb_cli_invalid_compiler
Command: "/usr/bin/cmake" "-DSCB_EXECUTABLE=/home/deck/.t3/worktrees/scb/t3code-59472579/build/Apps/scb/scb" "-DSCB_WORKING_DIRECTORY=/home/deck/.t3/worktrees/scb/t3code-59472579/Apps/scb/Tests/fixtures/invalid_compiler" "-DSCB_EXPECT_REGEX=configured.compiler.does.not.exist" "-DSCB_ARG1=build" "-P" "/home/deck/.t3/worktrees/scb/t3code-59472579/Apps/scb/Tests/ExpectFailure.cmake"
Directory: /home/deck/.t3/worktrees/scb/t3code-59472579/build/Apps/scb
"scb_cli_invalid_compiler" start time: Jul 12 20:23 CDT
Output:
----------------------------------------------------------
error: configured compiler does not exist: /home/deck/.t3/worktrees/scb/t3code-59472579/Apps/scb/Tests/fixtures/invalid_compiler/toolchains/not-real-cxx

<end of output>
Test time =   0.01 sec
----------------------------------------------------------
Test Passed.
"scb_cli_invalid_compiler" end time: Jul 12 20:23 CDT
"scb_cli_invalid_compiler" time elapsed: 00:00:00
----------------------------------------------------------

38/39 Testing: scb_cli_missing_manifest
38/39 Test: scb_cli_missing_manifest
Command: "/usr/bin/cmake" "-DSCB_EXECUTABLE=/home/deck/.t3/worktrees/scb/t3code-59472579/build/Apps/scb/scb" "-DSCB_WORKING_DIRECTORY=/home/deck/.t3/worktrees/scb/t3code-59472579/Apps/scb" "-DSCB_EXPECT_REGEX=does.*exist" "-DSCB_ARG1=build" "-DSCB_ARG2=--manifest-path" "-DSCB_ARG3=/home/deck/.t3/worktrees/scb/t3code-59472579/Apps/scb/Tests/fixtures/does_not_exist.toml" "-P" "/home/deck/.t3/worktrees/scb/t3code-59472579/Apps/scb/Tests/ExpectFailure.cmake"
Directory: /home/deck/.t3/worktrees/scb/t3code-59472579/Apps/scb
"scb_cli_missing_manifest" start time: Jul 12 20:23 CDT
Output:
----------------------------------------------------------
error: /home/deck/.t3/worktrees/scb/t3code-59472579/Apps/scb/Tests/fixtures/does_not_exist.toml: manifest file does not exist: /home/deck/.t3/worktrees/scb/t3code-59472579/Apps/scb/Tests/fixtures/does_not_exist.toml

<end of output>
Test time =   0.01 sec
----------------------------------------------------------
Test Passed.
"scb_cli_missing_manifest" end time: Jul 12 20:23 CDT
"scb_cli_missing_manifest" time elapsed: 00:00:00
----------------------------------------------------------

39/39 Testing: scb_cli_invalid_usage
39/39 Test: scb_cli_invalid_usage
Command: "/usr/bin/cmake" "-DSCB_EXECUTABLE=/home/deck/.t3/worktrees/scb/t3code-59472579/build/Apps/scb/scb" "-DSCB_WORKING_DIRECTORY=/home/deck/.t3/worktrees/scb/t3code-59472579/Apps/scb" "-DSCB_EXPECT_REGEX=usage:" "-DSCB_ARG1=build" "-DSCB_ARG2=--unknown" "-P" "/home/deck/.t3/worktrees/scb/t3code-59472579/Apps/scb/Tests/ExpectFailure.cmake"
Directory: /home/deck/.t3/worktrees/scb/t3code-59472579/Apps/scb
"scb_cli_invalid_usage" start time: Jul 12 20:23 CDT
Output:
----------------------------------------------------------
usage: scb build [--release] [--manifest-path <path>] [--dry-run] [--verbose]

<end of output>
Test time =   0.01 sec
----------------------------------------------------------
Test Passed.
"scb_cli_invalid_usage" end time: Jul 12 20:23 CDT
"scb_cli_invalid_usage" time elapsed: 00:00:00
----------------------------------------------------------

End testing: Jul 12 20:23 CDT
